<?xml version="1.0" encoding="UTF-8"?>
<testsuite xmlns:xsi="http://www.w3.org/2001/XMLSchema-instance" xsi:noNamespaceSchemaLocation="https://maven.apache.org/surefire/maven-surefire-plugin/xsd/surefire-test-report-3.0.xsd" version="3.0" name="com.basiliskSB.BasiliskSbApplicationTests" time="9.327" tests="2" errors="0" skipped="0" failures="0">
  <properties>
[...]
</properties>
  <testcase name="assertPostProduct" classname="com.basiliskSB.BasiliskSbApplicationTests" time="0.558">
    <system-out><![CDATA[12:48:15.061 [main] INFO org.springframework.test.context.support.AnnotationConfigContextLoaderUtils -- Could not detect default configuration classes for test class [com.basiliskSB.BasiliskSbApplicationTests]: BasiliskSbApplicationTests does not declare any static, non-private, non-final, nested classes annotated with @Configuration.
12:48:15.208 [main] INFO org.springframework.boot.test.context.SpringBootTestContextBootstrapper -- Found @SpringBootConfiguration com.basiliskSB.BasiliskSbApplication for test class com.basiliskSB.BasiliskSbApplicationTests


                               :-+*#####*=-.
                            .=#@@@@@@@@@@@@@@%+.
                          -#@@@@@@@@@@@@@@@@@@@@*:
                        .#@@@@@@@@@@@@@@@@@@@@@@@@+            :-=+==:
                       .@@@@@@@@@%*=-:::-+#@@@@@@@@#       .=#@@@@@@@@@*:
                       +@@@@@@@#:          :#@@@@@@@+     =@@@@@@@@@@@@@@+
                       #@@@@@@%              #@@@@@@@:   *@@@@@@@%%@@@@@@@=
                       +@@@@@@%              .@@@@@@@=  -@@@@@@=    #@@@@@%
                       .@@@@@@@+              %@@@@@@+  %@@@@@*     +@@@@@@
           -*%@@@@#=    -@@@@@@@#.            @@@@@@@=  @@@@@@=     *@@@@@@
         -%@%+--#@@@#.   -@@@@@@@@=          =@@@@@@@.  @@@@@@+     *@@@@@@:       ...
                 #@@@+   ██████   █████  ███████ ██ ██      ██ ███████ ██   ██--=*@@@@@%*=:.
                 -@@@%   ██   ██ ██   ██ ██      ██ ██      ██ ██      ██  ██@@@@@@@@@@@@@@@@+   .
                 .@@@@:  ██████  ███████ ███████ ██ ██      ██ ███████ █████@@@@@@@@@@@@@@@@@#---:
                  %@@@#  ██   ██ ██   ██      ██ ██ ██      ██      ██ ██  ██+**#%@@@@@@@#+=:
                  #@@@@: ██████  ██   ██ ███████ ██ ███████ ██ ███████ ██   ██    .=++=:
                  *@@@@%.       %@@@@@:  %@@@@@@%          @@@@@@:
                  :@@@@@@+:  .:*@@@@@+   @@@@@@@+         .@@@@@@.    VERSION: ${info.app.version}
                   -%@@@@@@@@@@@@@@@=    @@@@@@@*         *@@@@@@
                     -*@@@@@@@@@@%+.     +@@@@@@@+:     :#@@@@@@=
                        .-=====:.         %@@@@@@@@@%%%@@@@@@@@#
                                          .#@@@@@@@@@@@@@@@@@@*
                                            -%@@@@@@@@@@@@@@#:
                                              :=#%@@@@@%#*-.


System Description: ${info.app.description}
Framework Version: 3.1.0
Running on Port Number: 0

======================================================================================================
Booting the Application Now....
======================================================================================================


2026-02-09T12:48:15.663+07:00  INFO 12540 --- [           main] c.basiliskSB.BasiliskSbApplicationTests  : Starting BasiliskSbApplicationTests using Java 21.0.6 with PID 12540 (started by Boby in C:\Repository\DockerResearch\AppExperiment\Storage Based\basiliskSB)
2026-02-09T12:48:15.674+07:00  INFO 12540 --- [           main] c.basiliskSB.BasiliskSbApplicationTests  : No active profile set, falling back to 1 default profile: "default"
2026-02-09T12:48:16.804+07:00  INFO 12540 --- [           main] .s.d.r.c.RepositoryConfigurationDelegate : Multiple Spring Data modules found, entering strict repository configuration mode
2026-02-09T12:48:16.804+07:00  INFO 12540 --- [           main] .s.d.r.c.RepositoryConfigurationDelegate : Bootstrapping Spring Data JPA repositories in DEFAULT mode.
2026-02-09T12:48:16.889+07:00  INFO 12540 --- [           main] .s.d.r.c.RepositoryConfigurationDelegate : Finished Spring Data repository scanning in 76 ms. Found 10 JPA repository interfaces.
2026-02-09T12:48:17.443+07:00  INFO 12540 --- [           main] .s.d.r.c.RepositoryConfigurationDelegate : Multiple Spring Data modules found, entering strict repository configuration mode
2026-02-09T12:48:17.443+07:00  INFO 12540 --- [           main] .s.d.r.c.RepositoryConfigurationDelegate : Bootstrapping Spring Data JDBC repositories in DEFAULT mode.
2026-02-09T12:48:17.476+07:00  INFO 12540 --- [           main] .RepositoryConfigurationExtensionSupport : Spring Data JDBC - Could not safely identify store assignment for repository candidate interface com.basiliskSB.dao.AccountRepository; If you want this repository to be a JDBC repository, consider annotating your entities with one of these annotations: org.springframework.data.relational.core.mapping.Table.
2026-02-09T12:48:17.476+07:00  INFO 12540 --- [           main] .RepositoryConfigurationExtensionSupport : Spring Data JDBC - Could not safely identify store assignment for repository candidate interface com.basiliskSB.dao.CategoryRepository; If you want this repository to be a JDBC repository, consider annotating your entities with one of these annotations: org.springframework.data.relational.core.mapping.Table.
2026-02-09T12:48:17.476+07:00  INFO 12540 --- [           main] .RepositoryConfigurationExtensionSupport : Spring Data JDBC - Could not safely identify store assignment for repository candidate interface com.basiliskSB.dao.CustomerRepository; If you want this repository to be a JDBC repository, consider annotating your entities with one of these annotations: org.springframework.data.relational.core.mapping.Table.
2026-02-09T12:48:17.476+07:00  INFO 12540 --- [           main] .RepositoryConfigurationExtensionSupport : Spring Data JDBC - Could not safely identify store assignment for repository candidate interface com.basiliskSB.dao.DeliveryRepository; If you want this repository to be a JDBC repository, consider annotating your entities with one of these annotations: org.springframework.data.relational.core.mapping.Table.
2026-02-09T12:48:17.476+07:00  INFO 12540 --- [           main] .RepositoryConfigurationExtensionSupport : Spring Data JDBC - Could not safely identify store assignment for repository candidate interface com.basiliskSB.dao.OrderDetailRepository; If you want this repository to be a JDBC repository, consider annotating your entities with one of these annotations: org.springframework.data.relational.core.mapping.Table.
2026-02-09T12:48:17.476+07:00  INFO 12540 --- [           main] .RepositoryConfigurationExtensionSupport : Spring Data JDBC - Could not safely identify store assignment for repository candidate interface com.basiliskSB.dao.OrderRepository; If you want this repository to be a JDBC repository, consider annotating your entities with one of these annotations: org.springframework.data.relational.core.mapping.Table.
2026-02-09T12:48:17.476+07:00  INFO 12540 --- [           main] .RepositoryConfigurationExtensionSupport : Spring Data JDBC - Could not safely identify store assignment for repository candidate interface com.basiliskSB.dao.ProductRepository; If you want this repository to be a JDBC repository, consider annotating your entities with one of these annotations: org.springframework.data.relational.core.mapping.Table.
2026-02-09T12:48:17.476+07:00  INFO 12540 --- [           main] .RepositoryConfigurationExtensionSupport : Spring Data JDBC - Could not safely identify store assignment for repository candidate interface com.basiliskSB.dao.RegionRepository; If you want this repository to be a JDBC repository, consider annotating your entities with one of these annotations: org.springframework.data.relational.core.mapping.Table.
2026-02-09T12:48:17.476+07:00  INFO 12540 --- [           main] .RepositoryConfigurationExtensionSupport : Spring Data JDBC - Could not safely identify store assignment for repository candidate interface com.basiliskSB.dao.SalesmanRepository; If you want this repository to be a JDBC repository, consider annotating your entities with one of these annotations: org.springframework.data.relational.core.mapping.Table.
2026-02-09T12:48:17.476+07:00  INFO 12540 --- [           main] .RepositoryConfigurationExtensionSupport : Spring Data JDBC - Could not safely identify store assignment for repository candidate interface com.basiliskSB.dao.SupplierRepository; If you want this repository to be a JDBC repository, consider annotating your entities with one of these annotations: org.springframework.data.relational.core.mapping.Table.
2026-02-09T12:48:17.476+07:00  INFO 12540 --- [           main] .s.d.r.c.RepositoryConfigurationDelegate : Finished Spring Data repository scanning in 35 ms. Found 0 JDBC repository interfaces.
2026-02-09T12:48:17.604+07:00  INFO 12540 --- [           main] beddedDataSourceBeanFactoryPostProcessor : Replacing 'dataSource' DataSource bean with embedded version
2026-02-09T12:48:18.303+07:00  INFO 12540 --- [           main] o.s.b.w.embedded.tomcat.TomcatWebServer  : Tomcat initialized with port(s): 0 (http)
2026-02-09T12:48:18.306+07:00  INFO 12540 --- [           main] o.apache.catalina.core.StandardService   : Starting service [Tomcat]
2026-02-09T12:48:18.306+07:00  INFO 12540 --- [           main] o.apache.catalina.core.StandardEngine    : Starting Servlet engine: [Apache Tomcat/10.1.8]
2026-02-09T12:48:18.433+07:00  INFO 12540 --- [           main] o.a.c.c.C.[Tomcat].[localhost].[/]       : Initializing Spring embedded WebApplicationContext
2026-02-09T12:48:18.433+07:00  INFO 12540 --- [           main] w.s.c.ServletWebServerApplicationContext : Root WebApplicationContext: initialization completed in 2736 ms
2026-02-09T12:48:18.594+07:00  INFO 12540 --- [           main] o.s.j.d.e.EmbeddedDatabaseFactory        : Starting embedded database: url='jdbc:h2:mem:4bc41aeb-880a-4cba-a957-6d662e22be96;DB_CLOSE_DELAY=-1;DB_CLOSE_ON_EXIT=false', username='sa'
2026-02-09T12:48:18.907+07:00  INFO 12540 --- [           main] o.hibernate.jpa.internal.util.LogHelper  : HHH000204: Processing PersistenceUnitInfo [name: default]
2026-02-09T12:48:18.983+07:00  INFO 12540 --- [           main] org.hibernate.Version                    : HHH000412: Hibernate ORM core version 6.2.2.Final
2026-02-09T12:48:18.987+07:00  INFO 12540 --- [           main] org.hibernate.cfg.Environment            : HHH000406: Using bytecode reflection optimizer
2026-02-09T12:48:19.156+07:00  INFO 12540 --- [           main] o.h.b.i.BytecodeProviderInitiator        : HHH000021: Bytecode provider name : bytebuddy
2026-02-09T12:48:19.324+07:00  INFO 12540 --- [           main] o.s.o.j.p.SpringPersistenceUnitInfo      : No LoadTimeWeaver setup: ignoring JPA class transformer
2026-02-09T12:48:19.374+07:00  INFO 12540 --- [           main] org.hibernate.orm.dialect                : HHH035001: Using dialect: org.hibernate.dialect.H2Dialect, version: 2.2.220
2026-02-09T12:48:19.716+07:00  INFO 12540 --- [           main] o.h.b.i.BytecodeProviderInitiator        : HHH000021: Bytecode provider name : bytebuddy
2026-02-09T12:48:19.842+07:00  WARN 12540 --- [           main] org.hibernate.mapping.RootClass          : HHH000038: Composite-id class does not override equals(): com.basiliskSB.entity.OrderDetailId
2026-02-09T12:48:19.842+07:00  WARN 12540 --- [           main] org.hibernate.mapping.RootClass          : HHH000039: Composite-id class does not override hashCode(): com.basiliskSB.entity.OrderDetailId
2026-02-09T12:48:20.607+07:00  INFO 12540 --- [           main] o.h.e.t.j.p.i.JtaPlatformInitiator       : HHH000490: Using JtaPlatform implementation: [org.hibernate.engine.transaction.jta.platform.internal.NoJtaPlatform]
Hibernate: drop table if exists accounts cascade 
Hibernate: drop table if exists categories cascade 
Hibernate: drop table if exists customers cascade 
Hibernate: drop table if exists deliveries cascade 
Hibernate: drop table if exists order_details cascade 
Hibernate: drop table if exists orders cascade 
Hibernate: drop table if exists products cascade 
Hibernate: drop table if exists regions cascade 
Hibernate: drop table if exists salesmen cascade 
Hibernate: drop table if exists salesmen_regions cascade 
Hibernate: drop table if exists suppliers cascade 
Hibernate: create table accounts (password varchar(255), role varchar(255), username varchar(255) not null, primary key (username))
Hibernate: create table categories (id bigint generated by default as identity, description varchar(255), name varchar(255), primary key (id))
Hibernate: create table customers (delete_date timestamp(6), id bigint generated by default as identity, address varchar(255), city varchar(255), company_name varchar(255), contact_person varchar(255), email varchar(255), phone varchar(255), primary key (id))
Hibernate: create table deliveries (cost float(53), id bigint generated by default as identity, company_name varchar(255), phone varchar(255), primary key (id))
Hibernate: create table order_details (discount float(53), quantity integer, unit_price float(53), product_id bigint not null, invoice_number varchar(255) not null, primary key (product_id, invoice_number))
Hibernate: create table orders (delivery_cost float(53), due_date date, order_date date, shipped_date date, customer_id bigint, delivery_id bigint, destination_address varchar(255), destination_city varchar(255), destination_postal_code varchar(255), invoice_number varchar(255) not null, sales_employee_number varchar(255), primary key (invoice_number))
Hibernate: create table products (discontinue boolean, on_order integer, price float(53), stock integer, category_id bigint, id bigint generated by default as identity, supplier_id bigint, description varchar(255), image_path varchar(255), name varchar(255), primary key (id))
Hibernate: create table regions (id bigint generated by default as identity, city varchar(255), remark varchar(255), primary key (id))
Hibernate: create table salesmen (birth_date date, hired_date date, address varchar(255), city varchar(255), employee_number varchar(255) not null, first_name varchar(255), last_name varchar(255), level varchar(255), phone varchar(255), superior_employee_number varchar(255), primary key (employee_number))
Hibernate: create table salesmen_regions (region_id bigint not null, salesman_employee_number varchar(255) not null)
Hibernate: create table suppliers (delete_date timestamp(6), id bigint generated by default as identity, address varchar(255), city varchar(255), company_name varchar(255), contact_person varchar(255), email varchar(255), job_title varchar(255), phone varchar(255), primary key (id))
Hibernate: alter table if exists order_details add constraint FKq4n593x0ovovom0i2u2aklth5 foreign key (invoice_number) references orders
Hibernate: alter table if exists order_details add constraint FK4q98utpd73imf4yhttm3w0eax foreign key (product_id) references products
Hibernate: alter table if exists orders add constraint FKpxtb8awmi0dk6smoh2vp1litg foreign key (customer_id) references customers
Hibernate: alter table if exists orders add constraint FK8w9m21riko8j8eit0yvog02nr foreign key (delivery_id) references deliveries
Hibernate: alter table if exists orders add constraint FKmr4gp6q6j2p5w17g38t0jvteb foreign key (sales_employee_number) references salesmen
Hibernate: alter table if exists products add constraint FKog2rp4qthbtt2lfyhfo32lsw9 foreign key (category_id) references categories
Hibernate: alter table if exists products add constraint FK6i174ixi9087gcvvut45em7fd foreign key (supplier_id) references suppliers
Hibernate: alter table if exists salesmen add constraint FK15eftvlgn95ti4tiqnl95t0xx foreign key (superior_employee_number) references salesmen
Hibernate: alter table if exists salesmen_regions add constraint FKjfcxy36tu5wer585324xy0alb foreign key (region_id) references regions
Hibernate: alter table if exists salesmen_regions add constraint FKoe0u71bi87isvylqr1o96l9j8 foreign key (salesman_employee_number) references salesmen
2026-02-09T12:48:20.680+07:00  INFO 12540 --- [           main] o.h.t.s.i.e.GenerationTargetToDatabase   : HHH000476: Executing script '[injected ScriptSourceInputNonExistentImpl script]'
2026-02-09T12:48:20.682+07:00  INFO 12540 --- [           main] j.LocalContainerEntityManagerFactoryBean : Initialized JPA EntityManagerFactory for persistence unit 'default'
2026-02-09T12:48:20.974+07:00  INFO 12540 --- [           main] o.s.d.j.r.query.QueryEnhancerFactory     : Hibernate is in classpath; If applicable, HQL parser will be used.
2026-02-09T12:48:22.400+07:00  WARN 12540 --- [           main] JpaBaseConfiguration$JpaWebConfiguration : spring.jpa.open-in-view is enabled by default. Therefore, database queries may be performed during view rendering. Explicitly configure spring.jpa.open-in-view to disable this warning
2026-02-09T12:48:22.848+07:00  INFO 12540 --- [           main] o.s.b.a.e.web.EndpointLinksResolver      : Exposing 1 endpoint(s) beneath base path '/actuator'
2026-02-09T12:48:22.908+07:00  INFO 12540 --- [           main] o.s.s.web.DefaultSecurityFilterChain     : Will secure any request with [org.springframework.security.web.session.DisableEncodeUrlFilter@24e419ab, org.springframework.security.web.context.request.async.WebAsyncManagerIntegrationFilter@7ae8a6eb, org.springframework.security.web.context.SecurityContextHolderFilter@4e41fbf5, org.springframework.security.web.header.HeaderWriterFilter@7a5db772, org.springframework.security.web.csrf.CsrfFilter@15f45ace, org.springframework.security.web.authentication.logout.LogoutFilter@5e2df034, org.springframework.security.web.authentication.UsernamePasswordAuthenticationFilter@6608c8d5, org.springframework.security.web.savedrequest.RequestCacheAwareFilter@3447daf1, org.springframework.security.web.servletapi.SecurityContextHolderAwareRequestFilter@52029f28, org.springframework.security.web.authentication.rememberme.RememberMeAuthenticationFilter@24b57f0b, org.springframework.security.web.authentication.AnonymousAuthenticationFilter@752ac39a, org.springframework.security.web.access.ExceptionTranslationFilter@2817f230, org.springframework.security.web.access.intercept.AuthorizationFilter@7d5f59b4]
2026-02-09T12:48:22.932+07:00  INFO 12540 --- [           main] o.s.s.web.DefaultSecurityFilterChain     : Will secure Or [Mvc [pattern='/api/**']] with [org.springframework.security.web.session.DisableEncodeUrlFilter@504d9fd1, org.springframework.security.web.context.request.async.WebAsyncManagerIntegrationFilter@77dfc923, org.springframework.security.web.context.SecurityContextHolderFilter@68a45b0f, org.springframework.security.web.header.HeaderWriterFilter@722479ba, org.springframework.web.filter.CorsFilter@59a330cd, org.springframework.security.web.authentication.logout.LogoutFilter@4a229e9d, com.basiliskSB.component.JwtRequestFilter@522fc67, org.springframework.security.web.authentication.www.BasicAuthenticationFilter@f7ee1ba, org.springframework.security.web.savedrequest.RequestCacheAwareFilter@399c0608, org.springframework.security.web.servletapi.SecurityContextHolderAwareRequestFilter@17a81a45, org.springframework.security.web.authentication.AnonymousAuthenticationFilter@21a87972, org.springframework.security.web.session.SessionManagementFilter@6944a621, org.springframework.security.web.access.ExceptionTranslationFilter@682d2997, org.springframework.security.web.access.intercept.AuthorizationFilter@3ce295f9]
2026-02-09T12:48:23.426+07:00  INFO 12540 --- [           main] o.a.c.c.C.[Tomcat].[localhost].[/]       : Initializing Spring TestDispatcherServlet ''
2026-02-09T12:48:23.427+07:00  INFO 12540 --- [           main] o.s.t.web.servlet.TestDispatcherServlet  : Initializing Servlet ''
2026-02-09T12:48:23.428+07:00  INFO 12540 --- [           main] o.s.t.web.servlet.TestDispatcherServlet  : Completed initialization in 1 ms
2026-02-09T12:48:23.530+07:00  INFO 12540 --- [           main] o.s.b.w.embedded.tomcat.TomcatWebServer  : Tomcat started on port(s): 60060 (http) with context path ''
2026-02-09T12:48:23.545+07:00  INFO 12540 --- [           main] c.basiliskSB.BasiliskSbApplicationTests  : Started BasiliskSbApplicationTests in 8.179 seconds (process running for 9.404)
]]></system-out>
    <system-err><![CDATA[WARNING: A Java agent has been loaded dynamically (C:\Users\Boby Widjaja\.m2\repository\net\bytebuddy\byte-buddy-agent\1.14.4\byte-buddy-agent-1.14.4.jar)
WARNING: If a serviceability tool is in use, please run with -XX:+EnableDynamicAgentLoading to hide this warning
WARNING: If a serviceability tool is not in use, please run with -Djdk.instrument.traceUsage for more information
WARNING: Dynamic loading of agents will be disallowed by default in a future release
]]></system-err>
  </testcase>
  <testcase name="assertGetCategory" classname="com.basiliskSB.BasiliskSbApplicationTests" time="0.005"/>
</testsuite>